{"/Users/alexbodrov/pet_projects/deskplanner/client/src/lib/revenueCalculations.ts": {"path":"/Users/alexbodrov/pet_projects/deskplanner/client/src/lib/revenueCalculations.ts","statementMap":{"0":{"start":{"line":3,"column":26},"end":{"line":3,"column":null}},"1":{"start":{"line":6,"column":20},"end":{"line":6,"column":null}},"2":{"start":{"line":7,"column":2},"end":{"line":7,"column":null}},"3":{"start":{"line":11,"column":15},"end":{"line":11,"column":null}},"4":{"start":{"line":12,"column":16},"end":{"line":12,"column":null}},"5":{"start":{"line":13,"column":14},"end":{"line":13,"column":null}},"6":{"start":{"line":14,"column":2},"end":{"line":14,"column":null}},"7":{"start":{"line":18,"column":2},"end":{"line":18,"column":null}},"8":{"start":{"line":22,"column":14},"end":{"line":22,"column":null}},"9":{"start":{"line":23,"column":18},"end":{"line":23,"column":null}},"10":{"start":{"line":24,"column":18},"end":{"line":24,"column":null}},"11":{"start":{"line":26,"column":2},"end":{"line":31,"column":null}},"12":{"start":{"line":27,"column":4},"end":{"line":29,"column":null}},"13":{"start":{"line":28,"column":6},"end":{"line":28,"column":null}},"14":{"start":{"line":30,"column":4},"end":{"line":30,"column":null}},"15":{"start":{"line":32,"column":2},"end":{"line":32,"column":null}},"16":{"start":{"line":36,"column":33},"end":{"line":36,"column":null}},"17":{"start":{"line":37,"column":18},"end":{"line":37,"column":null}},"18":{"start":{"line":38,"column":18},"end":{"line":38,"column":null}},"19":{"start":{"line":40,"column":2},"end":{"line":45,"column":null}},"20":{"start":{"line":41,"column":4},"end":{"line":43,"column":null}},"21":{"start":{"line":42,"column":6},"end":{"line":42,"column":null}},"22":{"start":{"line":44,"column":4},"end":{"line":44,"column":null}},"23":{"start":{"line":46,"column":2},"end":{"line":46,"column":null}},"24":{"start":{"line":50,"column":16},"end":{"line":50,"column":null}},"25":{"start":{"line":51,"column":14},"end":{"line":51,"column":null}},"26":{"start":{"line":52,"column":2},"end":{"line":52,"column":null}},"27":{"start":{"line":66,"column":23},"end":{"line":66,"column":null}},"28":{"start":{"line":67,"column":21},"end":{"line":67,"column":null}},"29":{"start":{"line":69,"column":27},"end":{"line":69,"column":null}},"30":{"start":{"line":71,"column":25},"end":{"line":71,"column":null}},"31":{"start":{"line":72,"column":23},"end":{"line":72,"column":null}},"32":{"start":{"line":73,"column":23},"end":{"line":73,"column":null}},"33":{"start":{"line":75,"column":23},"end":{"line":75,"column":null}},"34":{"start":{"line":76,"column":24},"end":{"line":78,"column":null}},"35":{"start":{"line":80,"column":2},"end":{"line":80,"column":null}},"36":{"start":{"line":87,"column":21},"end":{"line":87,"column":null}},"37":{"start":{"line":89,"column":2},"end":{"line":95,"column":null}},"38":{"start":{"line":90,"column":4},"end":{"line":90,"column":null}},"39":{"start":{"line":90,"column":54},"end":{"line":90,"column":null}},"40":{"start":{"line":92,"column":4},"end":{"line":94,"column":null}},"41":{"start":{"line":93,"column":6},"end":{"line":93,"column":null}},"42":{"start":{"line":97,"column":2},"end":{"line":97,"column":null}},"43":{"start":{"line":112,"column":28},"end":{"line":112,"column":null}},"44":{"start":{"line":113,"column":25},"end":{"line":113,"column":null}},"45":{"start":{"line":114,"column":24},"end":{"line":114,"column":null}},"46":{"start":{"line":116,"column":2},"end":{"line":130,"column":null}},"47":{"start":{"line":117,"column":4},"end":{"line":117,"column":null}},"48":{"start":{"line":117,"column":54},"end":{"line":117,"column":null}},"49":{"start":{"line":119,"column":23},"end":{"line":119,"column":null}},"50":{"start":{"line":120,"column":4},"end":{"line":120,"column":null}},"51":{"start":{"line":120,"column":43},"end":{"line":120,"column":null}},"52":{"start":{"line":121,"column":4},"end":{"line":121,"column":null}},"53":{"start":{"line":123,"column":30},"end":{"line":123,"column":null}},"54":{"start":{"line":125,"column":4},"end":{"line":129,"column":null}},"55":{"start":{"line":126,"column":6},"end":{"line":126,"column":null}},"56":{"start":{"line":127,"column":4},"end":{"line":129,"column":null}},"57":{"start":{"line":128,"column":6},"end":{"line":128,"column":null}},"58":{"start":{"line":132,"column":2},"end":{"line":136,"column":null}},"59":{"start":{"line":149,"column":24},"end":{"line":149,"column":null}},"60":{"start":{"line":150,"column":32},"end":{"line":150,"column":null}},"61":{"start":{"line":152,"column":2},"end":{"line":152,"column":null}},"62":{"start":{"line":164,"column":79},"end":{"line":164,"column":null}},"63":{"start":{"line":165,"column":24},"end":{"line":165,"column":null}},"64":{"start":{"line":167,"column":23},"end":{"line":167,"column":null}},"65":{"start":{"line":168,"column":18},"end":{"line":168,"column":null}},"66":{"start":{"line":169,"column":18},"end":{"line":169,"column":null}},"67":{"start":{"line":171,"column":2},"end":{"line":180,"column":null}},"68":{"start":{"line":189,"column":49},"end":{"line":189,"column":null}},"69":{"start":{"line":190,"column":31},"end":{"line":190,"column":null}},"70":{"start":{"line":192,"column":2},"end":{"line":198,"column":null}},"71":{"start":{"line":207,"column":22},"end":{"line":207,"column":null}},"72":{"start":{"line":208,"column":20},"end":{"line":208,"column":null}},"73":{"start":{"line":209,"column":31},"end":{"line":209,"column":null}},"74":{"start":{"line":211,"column":2},"end":{"line":217,"column":null}}},"fnMap":{"0":{"name":"isWeekday","decl":{"start":{"line":5,"column":16},"end":{"line":5,"column":26}},"loc":{"start":{"line":5,"column":47},"end":{"line":8,"column":null}},"line":5},"1":{"name":"formatLocalDate","decl":{"start":{"line":10,"column":9},"end":{"line":10,"column":25}},"loc":{"start":{"line":10,"column":45},"end":{"line":15,"column":null}},"line":10},"2":{"name":"createLocalDate","decl":{"start":{"line":17,"column":9},"end":{"line":17,"column":25}},"loc":{"start":{"line":17,"column":45},"end":{"line":19,"column":null}},"line":17},"3":{"name":"countBusinessDays","decl":{"start":{"line":21,"column":16},"end":{"line":21,"column":34}},"loc":{"start":{"line":21,"column":66},"end":{"line":33,"column":null}},"line":21},"4":{"name":"generateBusinessDays","decl":{"start":{"line":35,"column":16},"end":{"line":35,"column":37}},"loc":{"start":{"line":35,"column":71},"end":{"line":47,"column":null}},"line":35},"5":{"name":"getMonthBoundaries","decl":{"start":{"line":49,"column":16},"end":{"line":49,"column":35}},"loc":{"start":{"line":49,"column":92},"end":{"line":53,"column":null}},"line":49},"6":{"name":"calculateProratedRevenue","decl":{"start":{"line":61,"column":16},"end":{"line":61,"column":null}},"loc":{"start":{"line":65,"column":22},"end":{"line":81,"column":null}},"line":65},"7":{"name":"countOccupiedDays","decl":{"start":{"line":83,"column":16},"end":{"line":83,"column":null}},"loc":{"start":{"line":86,"column":10},"end":{"line":98,"column":null}},"line":86},"8":{"name":"calculateRevenueByStatus","decl":{"start":{"line":106,"column":16},"end":{"line":106,"column":null}},"loc":{"start":{"line":111,"column":20},"end":{"line":137,"column":null}},"line":111},"9":{"name":"calculateDerivedMetrics","decl":{"start":{"line":144,"column":16},"end":{"line":144,"column":null}},"loc":{"start":{"line":148,"column":18},"end":{"line":153,"column":null}},"line":148},"10":{"name":"calculateStats","decl":{"start":{"line":163,"column":16},"end":{"line":163,"column":31}},"loc":{"start":{"line":163,"column":64},"end":{"line":181,"column":null}},"line":163},"11":{"name":"calculateMonthlyStats","decl":{"start":{"line":183,"column":16},"end":{"line":183,"column":null}},"loc":{"start":{"line":188,"column":16},"end":{"line":199,"column":null}},"line":188},"12":{"name":"calculateDateRangeStats","decl":{"start":{"line":201,"column":16},"end":{"line":201,"column":null}},"loc":{"start":{"line":206,"column":16},"end":{"line":218,"column":null}},"line":206}},"branchMap":{"0":{"loc":{"start":{"line":7,"column":9},"end":{"line":7,"column":null}},"type":"binary-expr","locations":[{"start":{"line":7,"column":9},"end":{"line":7,"column":28}},{"start":{"line":7,"column":28},"end":{"line":7,"column":null}}],"line":7},"1":{"loc":{"start":{"line":27,"column":4},"end":{"line":29,"column":null}},"type":"if","locations":[{"start":{"line":27,"column":4},"end":{"line":29,"column":null}},{"start":{},"end":{}}],"line":27},"2":{"loc":{"start":{"line":41,"column":4},"end":{"line":43,"column":null}},"type":"if","locations":[{"start":{"line":41,"column":4},"end":{"line":43,"column":null}},{"start":{},"end":{}}],"line":41},"3":{"loc":{"start":{"line":71,"column":25},"end":{"line":71,"column":null}},"type":"cond-expr","locations":[{"start":{"line":71,"column":54},"end":{"line":71,"column":69}},{"start":{"line":71,"column":69},"end":{"line":71,"column":null}}],"line":71},"4":{"loc":{"start":{"line":72,"column":23},"end":{"line":72,"column":null}},"type":"cond-expr","locations":[{"start":{"line":72,"column":48},"end":{"line":72,"column":61}},{"start":{"line":72,"column":61},"end":{"line":72,"column":null}}],"line":72},"5":{"loc":{"start":{"line":75,"column":23},"end":{"line":75,"column":null}},"type":"binary-expr","locations":[{"start":{"line":75,"column":23},"end":{"line":75,"column":40}},{"start":{"line":75,"column":40},"end":{"line":75,"column":null}}],"line":75},"6":{"loc":{"start":{"line":76,"column":24},"end":{"line":78,"column":null}},"type":"cond-expr","locations":[{"start":{"line":77,"column":7},"end":{"line":77,"column":null}},{"start":{"line":78,"column":6},"end":{"line":78,"column":null}}],"line":76},"7":{"loc":{"start":{"line":90,"column":4},"end":{"line":90,"column":null}},"type":"if","locations":[{"start":{"line":90,"column":4},"end":{"line":90,"column":null}},{"start":{},"end":{}}],"line":90},"8":{"loc":{"start":{"line":92,"column":4},"end":{"line":94,"column":null}},"type":"if","locations":[{"start":{"line":92,"column":4},"end":{"line":94,"column":null}},{"start":{},"end":{}}],"line":92},"9":{"loc":{"start":{"line":92,"column":8},"end":{"line":92,"column":70}},"type":"binary-expr","locations":[{"start":{"line":92,"column":8},"end":{"line":92,"column":41}},{"start":{"line":92,"column":41},"end":{"line":92,"column":70}}],"line":92},"10":{"loc":{"start":{"line":117,"column":4},"end":{"line":117,"column":null}},"type":"if","locations":[{"start":{"line":117,"column":4},"end":{"line":117,"column":null}},{"start":{},"end":{}}],"line":117},"11":{"loc":{"start":{"line":120,"column":4},"end":{"line":120,"column":null}},"type":"if","locations":[{"start":{"line":120,"column":4},"end":{"line":120,"column":null}},{"start":{},"end":{}}],"line":120},"12":{"loc":{"start":{"line":125,"column":4},"end":{"line":129,"column":null}},"type":"if","locations":[{"start":{"line":125,"column":4},"end":{"line":129,"column":null}},{"start":{"line":127,"column":4},"end":{"line":129,"column":null}}],"line":125},"13":{"loc":{"start":{"line":127,"column":4},"end":{"line":129,"column":null}},"type":"if","locations":[{"start":{"line":127,"column":4},"end":{"line":129,"column":null}},{"start":{},"end":{}}],"line":127},"14":{"loc":{"start":{"line":149,"column":24},"end":{"line":149,"column":null}},"type":"cond-expr","locations":[{"start":{"line":149,"column":45},"end":{"line":149,"column":83}},{"start":{"line":149,"column":83},"end":{"line":149,"column":null}}],"line":149},"15":{"loc":{"start":{"line":150,"column":32},"end":{"line":150,"column":null}},"type":"cond-expr","locations":[{"start":{"line":150,"column":51},"end":{"line":150,"column":81}},{"start":{"line":150,"column":81},"end":{"line":150,"column":null}}],"line":150}},"s":{"0":1,"1":2747,"2":2747,"3":615,"4":615,"5":615,"6":615,"7":298,"8":104,"9":104,"10":104,"11":104,"12":1910,"13":1405,"14":1910,"15":104,"16":45,"17":45,"18":45,"19":45,"20":837,"21":615,"22":837,"23":45,"24":7,"25":7,"26":7,"27":46,"28":46,"29":46,"30":46,"31":46,"32":46,"33":46,"34":46,"35":46,"36":13,"37":13,"38":291,"39":0,"40":291,"41":291,"42":13,"43":13,"44":13,"45":13,"46":13,"47":291,"48":0,"49":291,"50":291,"51":258,"52":33,"53":33,"54":33,"55":32,"56":1,"57":1,"58":13,"59":13,"60":13,"61":13,"62":13,"63":13,"64":13,"65":13,"66":13,"67":13,"68":3,"69":3,"70":3,"71":3,"72":3,"73":3,"74":3},"f":{"0":2747,"1":615,"2":298,"3":104,"4":45,"5":7,"6":46,"7":13,"8":13,"9":13,"10":13,"11":3,"12":3},"b":{"0":[2747,2400],"1":[1405,505],"2":[615,222],"3":[28,18],"4":[22,24],"5":[46,12],"6":[46,0],"7":[0,291],"8":[291,0],"9":[291,5],"10":[0,291],"11":[258,33],"12":[32,1],"13":[1,0],"14":[12,1],"15":[11,2]},"meta":{"lastBranch":16,"lastFunction":13,"lastStatement":75,"seen":{"s:3:26:3:Infinity":0,"f:5:16:5:26":0,"s:6:20:6:Infinity":1,"s:7:2:7:Infinity":2,"b:7:9:7:28:7:28:7:Infinity":0,"f:10:9:10:25":1,"s:11:15:11:Infinity":3,"s:12:16:12:Infinity":4,"s:13:14:13:Infinity":5,"s:14:2:14:Infinity":6,"f:17:9:17:25":2,"s:18:2:18:Infinity":7,"f:21:16:21:34":3,"s:22:14:22:Infinity":8,"s:23:18:23:Infinity":9,"s:24:18:24:Infinity":10,"s:26:2:31:Infinity":11,"b:27:4:29:Infinity:undefined:undefined:undefined:undefined":1,"s:27:4:29:Infinity":12,"s:28:6:28:Infinity":13,"s:30:4:30:Infinity":14,"s:32:2:32:Infinity":15,"f:35:16:35:37":4,"s:36:33:36:Infinity":16,"s:37:18:37:Infinity":17,"s:38:18:38:Infinity":18,"s:40:2:45:Infinity":19,"b:41:4:43:Infinity:undefined:undefined:undefined:undefined":2,"s:41:4:43:Infinity":20,"s:42:6:42:Infinity":21,"s:44:4:44:Infinity":22,"s:46:2:46:Infinity":23,"f:49:16:49:35":5,"s:50:16:50:Infinity":24,"s:51:14:51:Infinity":25,"s:52:2:52:Infinity":26,"f:61:16:61:Infinity":6,"s:66:23:66:Infinity":27,"s:67:21:67:Infinity":28,"s:69:27:69:Infinity":29,"s:71:25:71:Infinity":30,"b:71:54:71:69:71:69:71:Infinity":3,"s:72:23:72:Infinity":31,"b:72:48:72:61:72:61:72:Infinity":4,"s:73:23:73:Infinity":32,"s:75:23:75:Infinity":33,"b:75:23:75:40:75:40:75:Infinity":5,"s:76:24:78:Infinity":34,"b:77:7:77:Infinity:78:6:78:Infinity":6,"s:80:2:80:Infinity":35,"f:83:16:83:Infinity":7,"s:87:21:87:Infinity":36,"s:89:2:95:Infinity":37,"b:90:4:90:Infinity:undefined:undefined:undefined:undefined":7,"s:90:4:90:Infinity":38,"s:90:54:90:Infinity":39,"b:92:4:94:Infinity:undefined:undefined:undefined:undefined":8,"s:92:4:94:Infinity":40,"b:92:8:92:41:92:41:92:70":9,"s:93:6:93:Infinity":41,"s:97:2:97:Infinity":42,"f:106:16:106:Infinity":8,"s:112:28:112:Infinity":43,"s:113:25:113:Infinity":44,"s:114:24:114:Infinity":45,"s:116:2:130:Infinity":46,"b:117:4:117:Infinity:undefined:undefined:undefined:undefined":10,"s:117:4:117:Infinity":47,"s:117:54:117:Infinity":48,"s:119:23:119:Infinity":49,"b:120:4:120:Infinity:undefined:undefined:undefined:undefined":11,"s:120:4:120:Infinity":50,"s:120:43:120:Infinity":51,"s:121:4:121:Infinity":52,"s:123:30:123:Infinity":53,"b:125:4:129:Infinity:127:4:129:Infinity":12,"s:125:4:129:Infinity":54,"s:126:6:126:Infinity":55,"b:127:4:129:Infinity:undefined:undefined:undefined:undefined":13,"s:127:4:129:Infinity":56,"s:128:6:128:Infinity":57,"s:132:2:136:Infinity":58,"f:144:16:144:Infinity":9,"s:149:24:149:Infinity":59,"b:149:45:149:83:149:83:149:Infinity":14,"s:150:32:150:Infinity":60,"b:150:51:150:81:150:81:150:Infinity":15,"s:152:2:152:Infinity":61,"f:163:16:163:31":10,"s:164:79:164:Infinity":62,"s:165:24:165:Infinity":63,"s:167:23:167:Infinity":64,"s:168:18:168:Infinity":65,"s:169:18:169:Infinity":66,"s:171:2:180:Infinity":67,"f:183:16:183:Infinity":11,"s:189:49:189:Infinity":68,"s:190:31:190:Infinity":69,"s:192:2:198:Infinity":70,"f:201:16:201:Infinity":12,"s:207:22:207:Infinity":71,"s:208:20:208:Infinity":72,"s:209:31:209:Infinity":73,"s:211:2:217:Infinity":74}}}
}
